# JRE version: OpenJDK Runtime Environment (11.0.15) (build 11.0.15+0-b2043.56-9505619)
# Java VM: OpenJDK 64-Bit Server VM (11.0.15+0-b2043.56-9505619, mixed mode, tiered, compressed oops, g1 gc, windows-amd64)
Heap:
 garbage-first heap   total 350208K, used 144041K [0x00000000a0000000, 0x0000000100000000)
  region size 1024K, 14 young (14336K), 7 survivors (7168K)
 Metaspace       used 83633K, capacity 88449K, committed 88656K, reserved 1126400K
  class space    used 10844K, capacity 12215K, committed 12288K, reserved 1048576K
GC Heap History (20 events):
Event: 14.334 GC heap before
{Heap before GC invocations=38 (full 0):
 garbage-first heap   total 145408K, used 112513K [0x00000000a0000000, 0x0000000100000000)
  region size 1024K, 36 young (36864K), 5 survivors (5120K)
 Metaspace       used 77076K, capacity 79150K, committed 79312K, reserved 1118208K
  class space    used 9846K, capacity 10577K, committed 10624K, reserved 1048576K
}
Event: 14.342 GC heap after
{Heap after GC invocations=39 (full 0):
 garbage-first heap   total 145408K, used 83193K [0x00000000a0000000, 0x0000000100000000)
  region size 1024K, 5 young (5120K), 5 survivors (5120K)
 Metaspace       used 77076K, capacity 79150K, committed 79312K, reserved 1118208K
  class space    used 9846K, capacity 10577K, committed 10624K, reserved 1048576K
}
Event: 14.598 GC heap before
{Heap before GC invocations=40 (full 0):
 garbage-first heap   total 145408K, used 114937K [0x00000000a0000000, 0x0000000100000000)
  region size 1024K, 36 young (36864K), 5 survivors (5120K)
 Metaspace       used 77947K, capacity 80075K, committed 80336K, reserved 1118208K
  class space    used 10005K, capacity 10774K, committed 10880K, reserved 1048576K
}
Event: 14.604 GC heap after
{Heap after GC invocations=41 (full 0):
 garbage-first heap   total 175104K, used 86002K [0x00000000a0000000, 0x0000000100000000)
  region size 1024K, 5 young (5120K), 5 survivors (5120K)
 Metaspace       used 77947K, capacity 80075K, committed 80336K, reserved 1118208K
  class space    used 10005K, capacity 10774K, committed 10880K, reserved 1048576K
}
Event: 17.137 GC heap before
{Heap before GC invocations=41 (full 0):
 garbage-first heap   total 175104K, used 115698K [0x00000000a0000000, 0x0000000100000000)
  region size 1024K, 36 young (36864K), 5 survivors (5120K)
 Metaspace       used 79578K, capacity 82052K, committed 82128K, reserved 1120256K
  class space    used 10223K, capacity 11120K, committed 11136K, reserved 1048576K
}
Event: 17.374 GC heap after
{Heap after GC invocations=42 (full 0):
 garbage-first heap   total 175104K, used 89403K [0x00000000a0000000, 0x0000000100000000)
  region size 1024K, 6 young (6144K), 6 survivors (6144K)
 Metaspace       used 79578K, capacity 82052K, committed 82128K, reserved 1120256K
  class space    used 10223K, capacity 11120K, committed 11136K, reserved 1048576K
}
Event: 19.670 GC heap before
{Heap before GC invocations=43 (full 0):
 garbage-first heap   total 175104K, used 129339K [0x00000000a0000000, 0x0000000100000000)
  region size 1024K, 45 young (46080K), 6 survivors (6144K)
 Metaspace       used 80718K, capacity 83363K, committed 83664K, reserved 1122304K
  class space    used 10412K, capacity 11336K, committed 11392K, reserved 1048576K
}
Event: 19.685 GC heap after
{Heap after GC invocations=44 (full 0):
 garbage-first heap   total 175104K, used 94651K [0x00000000a0000000, 0x0000000100000000)
  region size 1024K, 6 young (6144K), 6 survivors (6144K)
 Metaspace       used 80718K, capacity 83363K, committed 83664K, reserved 1122304K
  class space    used 10412K, capacity 11336K, committed 11392K, reserved 1048576K
}
Event: 19.867 GC heap before
{Heap before GC invocations=44 (full 0):
 garbage-first heap   total 175104K, used 103867K [0x00000000a0000000, 0x0000000100000000)
  region size 1024K, 17 young (17408K), 6 survivors (6144K)
 Metaspace       used 80841K, capacity 83556K, committed 83792K, reserved 1122304K
  class space    used 10434K, capacity 11394K, committed 11520K, reserved 1048576K
}
Event: 19.877 GC heap after
{Heap after GC invocations=45 (full 0):
 garbage-first heap   total 175104K, used 96089K [0x00000000a0000000, 0x0000000100000000)
  region size 1024K, 2 young (2048K), 2 survivors (2048K)
 Metaspace       used 80841K, capacity 83556K, committed 83792K, reserved 1122304K
  class space    used 10434K, capacity 11394K, committed 11520K, reserved 1048576K
}
Event: 20.064 GC heap before
{Heap before GC invocations=46 (full 0):
 garbage-first heap   total 175104K, used 101209K [0x00000000a0000000, 0x0000000100000000)
  region size 1024K, 6 young (6144K), 2 survivors (2048K)
 Metaspace       used 80841K, capacity 83556K, committed 83792K, reserved 1122304K
  class space    used 10434K, capacity 11394K, committed 11520K, reserved 1048576K
}
Event: 20.069 GC heap after
{Heap after GC invocations=47 (full 0):
 garbage-first heap   total 175104K, used 101154K [0x00000000a0000000, 0x0000000100000000)
  region size 1024K, 4 young (4096K), 4 survivors (4096K)
 Metaspace       used 80841K, capacity 83556K, committed 83792K, reserved 1122304K
  class space    used 10434K, capacity 11394K, committed 11520K, reserved 1048576K
}
Event: 20.792 GC heap before
{Heap before GC invocations=48 (full 0):
 garbage-first heap   total 175104K, used 132898K [0x00000000a0000000, 0x0000000100000000)
  region size 1024K, 35 young (35840K), 4 survivors (4096K)
 Metaspace       used 81362K, capacity 84548K, committed 84688K, reserved 1122304K
  class space    used 10511K, capacity 11535K, committed 11648K, reserved 1048576K
}
Event: 20.815 GC heap after
{Heap after GC invocations=49 (full 0):
 garbage-first heap   total 175104K, used 106077K [0x00000000a0000000, 0x0000000100000000)
  region size 1024K, 5 young (5120K), 5 survivors (5120K)
 Metaspace       used 81362K, capacity 84548K, committed 84688K, reserved 1122304K
  class space    used 10511K, capacity 11535K, committed 11648K, reserved 1048576K
}
Event: 22.365 GC heap before
{Heap before GC invocations=49 (full 0):
 garbage-first heap   total 175104K, used 135773K [0x00000000a0000000, 0x0000000100000000)
  region size 1024K, 34 young (34816K), 5 survivors (5120K)
 Metaspace       used 81788K, capacity 85231K, committed 85456K, reserved 1124352K
  class space    used 10564K, capacity 11634K, committed 11648K, reserved 1048576K
}
Event: 22.452 GC heap after
{Heap after GC invocations=50 (full 0):
 garbage-first heap   total 350208K, used 111618K [0x00000000a0000000, 0x0000000100000000)
  region size 1024K, 5 young (5120K), 5 survivors (5120K)
 Metaspace       used 81788K, capacity 85231K, committed 85456K, reserved 1124352K
  class space    used 10564K, capacity 11634K, committed 11648K, reserved 1048576K
}
Event: 24.804 GC heap before
{Heap before GC invocations=51 (full 0):
 garbage-first heap   total 350208K, used 202754K [0x00000000a0000000, 0x0000000100000000)
  region size 1024K, 92 young (94208K), 5 survivors (5120K)
 Metaspace       used 82742K, capacity 86814K, committed 87120K, reserved 1124352K
  class space    used 10708K, capacity 11918K, committed 12032K, reserved 1048576K
}
Event: 25.226 GC heap after
{Heap after GC invocations=52 (full 0):
 garbage-first heap   total 350208K, used 129890K [0x00000000a0000000, 0x0000000100000000)
  region size 1024K, 12 young (12288K), 12 survivors (12288K)
 Metaspace       used 82742K, capacity 86814K, committed 87120K, reserved 1124352K
  class space    used 10708K, capacity 11918K, committed 12032K, reserved 1048576K
}
Event: 27.121 GC heap before
{Heap before GC invocations=52 (full 0):
 garbage-first heap   total 350208K, used 169826K [0x00000000a0000000, 0x0000000100000000)
  region size 1024K, 51 young (52224K), 12 survivors (12288K)
 Metaspace       used 83294K, capacity 87842K, committed 88016K, reserved 1126400K
  class space    used 10794K, capacity 12110K, committed 12160K, reserved 1048576K
}
Event: 27.137 GC heap after
{Heap after GC invocations=53 (full 0):
 garbage-first heap   total 350208K, used 137897K [0x00000000a0000000, 0x0000000100000000)
  region size 1024K, 7 young (7168K), 7 survivors (7168K)
 Metaspace       used 83294K, capacity 87842K, committed 88016K, reserved 1126400K
  class space    used 10794K, capacity 12110K, committed 12160K, reserved 1048576K
}

